

Microchip MPLAB XC8 Assembler V2.46 build 20240104201356 
                                                                                               Mon Feb 09 21:10:16 2026

Microchip MPLAB XC8 C Compiler v2.46 (Free license) build 20240104201356 Og1 
     1                           	processor	18F4550
     2                           	fnconf	rparam,??,?,0
     3                           	pagewidth 120
     4                           	opt	flic
     5                           	psect	idataBANK0,global,class=CODE,delta=1,noexec
     6                           	psect	cinit,global,reloc=2,class=CODE,delta=1
     7                           	psect	dataBANK0,global,class=BANK0,space=1,delta=1,lowdata,noexec
     8                           	psect	cstackCOMRAM,global,class=COMRAM,space=1,delta=1,lowdata,noexec
     9                           	psect	text0,global,reloc=2,class=CODE,delta=1
    10                           	psect	smallconst,global,reloc=2,class=SMALLCONST,delta=1,noexec
    11                           	psect	intsave_regs,global,class=BIGRAM,space=1,delta=1,noexec
    12                           	psect	rparam,global,class=COMRAM,space=1,delta=1,noexec
    13                           	psect	idloc,global,abs,ovrld,class=IDLOC,space=5,delta=1,noexec
    14                           	psect	config,global,abs,ovrld,class=CONFIG,space=4,delta=1,noexec
    15   000000                     
    16                           ; Generated 05/01/2024 GMT
    17                           ; 
    18                           ; Copyright © 2024, Microchip Technology Inc. and its subsidiaries ("Microchip")
    19                           ; All rights reserved.
    20                           ; 
    21                           ; This software is developed by Microchip Technology Inc. and its subsidiaries ("Microch
      +                          ip").
    22                           ; 
    23                           ; Redistribution and use in source and binary forms, with or without modification, are
    24                           ; permitted provided that the following conditions are met:
    25                           ; 
    26                           ;     1. Redistributions of source code must retain the above copyright notice, this lis
      +                          t of
    27                           ;        conditions and the following disclaimer.
    28                           ; 
    29                           ;     2. Redistributions in binary form must reproduce the above copyright notice, this 
      +                          list
    30                           ;        of conditions and the following disclaimer in the documentation and/or other
    31                           ;        materials provided with the distribution. Publication is not required when
    32                           ;        this file is used in an embedded application.
    33                           ; 
    34                           ;     3. Microchip's name may not be used to endorse or promote products derived from th
      +                          is
    35                           ;        software without specific prior written permission.
    36                           ; 
    37                           ; THIS SOFTWARE IS PROVIDED BY MICROCHIP "AS IS" AND ANY EXPRESS OR IMPLIED WARRANTIES,
    38                           ; INCLUDING, BUT NOT LIMITED TO, THE IMPLIED WARRANTIES OF MERCHANTABILITY AND FITNESS F
      +                          OR
    39                           ; PURPOSE ARE DISCLAIMED.  IN NO EVENT SHALL MICROCHIP BE LIABLE FOR ANY DIRECT, INDIREC
      +                          T,
    40                           ; INCIDENTAL, SPECIAL, EXEMPLARY, OR CONSEQUENTIAL DAMAGES (INCLUDING BUT NOT LIMITED TO
    41                           ; PROCUREMENT OF SUBSTITUTE GOODS OR SERVICES; LOSS OF USE, DATA OR PROFITS; OR BUSINESS
    42                           ; INTERRUPTION) HOWSOEVER CAUSED AND ON ANY THEORY OF LIABILITY, WHETHER IN CONTRACT, ST
      +                          RICT
    43                           ; LIABILITY, OR TORT (INCLUDING NEGLIGENCE OR OTHERWISE) ARISING IN ANY WAY OUT OF THE U
      +                          SE OF
    44                           ; THIS SOFTWARE, EVEN IF ADVISED OF THE POSSIBILITY OF SUCH DAMAGE.
    45                           ; 
    46                           ; 
    47                           ; Code-generator required, PIC18F4550 Definitions
    48                           ; 
    49                           ; SFR Addresses
    50   000000                     
    51                           	psect	idataBANK0
    52   000906                     __pidataBANK0:
    53                           	callstack 0
    54                           
    55                           ;initializer for _display
    56   000906  08F3               	dw	2291
    57   000908  00F9               	dw	249
    58   00090A  00FF               	dw	255
    59   00090C  00F9               	dw	249
    60   00090E  0039               	dw	57
    61   000910  00F7               	dw	247
    62   000912  0000               	dw	0
    63   000914  0000               	dw	0
    64   000916  0000               	dw	0
    65   000918  0000               	dw	0
    66   00091A  0000               	dw	0
    67   00091C  0000               	dw	0
    68   00091E  0000               	dw	0
    69   000920  0000               	dw	0
    70   000922  0536               	dw	1334
    71   000924  003F               	dw	63
    72   000926  0936               	dw	2358
    73   000928  1200               	dw	4608
    74   00092A  0039               	dw	57
    75   00092C  00F7               	dw	247
    76   00092E  0000               	dw	0
    77   000930  0000               	dw	0
    78   000932  0000               	dw	0
    79   000934  0000               	dw	0
    80   000936  0000               	dw	0
    81   000938  0000               	dw	0
    82   00093A  0000               	dw	0
    83   00093C  0000               	dw	0
    84   00093E  0536               	dw	1334
    85   000940  00F7               	dw	247
    86   000942  08F3               	dw	2291
    87   000944  1200               	dw	4608
    88   000946  003F               	dw	63
    89   000948  0000               	dw	0
    90   00094A  0000               	dw	0
    91   00094C  0000               	dw	0
    92   00094E  0000               	dw	0
    93   000950  0000               	dw	0
    94   000952  0000               	dw	0
    95   000954  0000               	dw	0
    96   000956  00FF               	dw	255
    97   000958  00F9               	dw	249
    98   00095A  08F3               	dw	2291
    99   00095C  0936               	dw	2358
   100   00095E  00F7               	dw	247
   101   000960  00FF               	dw	255
   102   000962  00F9               	dw	249
   103   000964  0000               	dw	0
   104   000966  0000               	dw	0
   105   000968  0000               	dw	0
   106   00096A  0000               	dw	0
   107   00096C  0000               	dw	0
   108   00096E  0000               	dw	0
   109   000970  0000               	dw	0
   110   000000                     _LATA	set	3977
   111   000000                     _LATB	set	3978
   112   000000                     _TRISA	set	3986
   113   000000                     _TRISB	set	3987
   114   000000                     _TRISD	set	3989
   115   000000                     _LATD	set	3980
   116   000000                     _LATC	set	3979
   117                           
   118                           ; #config settings
   119                           
   120                           	psect	cinit
   121   000972                     __pcinit:
   122                           	callstack 0
   123   000972                     start_initialization:
   124                           	callstack 0
   125   000972                     __initialization:
   126                           	callstack 0
   127                           
   128                           ; Initialize objects allocated to BANK0 (108 bytes)
   129                           ; load TBLPTR registers with __pidataBANK0
   130   000972  0E06               	movlw	low __pidataBANK0
   131   000974  6EF6               	movwf	tblptrl,c
   132   000976  0E09               	movlw	high __pidataBANK0
   133   000978  6EF7               	movwf	tblptrh,c
   134   00097A  0E00               	movlw	low (__pidataBANK0 shr (0+16))
   135   00097C  6EF8               	movwf	tblptru,c
   136   00097E  EE00  F060         	lfsr	0,__pdataBANK0
   137   000982  EE10 F06C          	lfsr	1,108
   138   000986                     copy_data0:
   139   000986  0009               	tblrd		*+
   140   000988  CFF5 FFEE          	movff	tablat,postinc0
   141   00098C  50E5               	movf	postdec1,w,c
   142   00098E  50E1               	movf	fsr1l,w,c
   143   000990  E1FA               	bnz	copy_data0
   144   000992                     end_of_initialization:
   145                           	callstack 0
   146   000992                     __end_of__initialization:
   147                           	callstack 0
   148   000992  0100               	movlb	0
   149   000994  EF01  F004         	goto	_main	;jump to C main() function
   150                           
   151                           	psect	dataBANK0
   152   000060                     __pdataBANK0:
   153                           	callstack 0
   154   000060                     _display:
   155                           	callstack 0
   156   000060                     	ds	108
   157                           
   158                           	psect	cstackCOMRAM
   159   000001                     __pcstackCOMRAM:
   160                           	callstack 0
   161   000001                     ??_main:
   162                           
   163                           ; 1 bytes @ 0x0
   164   000001                     	ds	5
   165   000006                     main@m:
   166                           	callstack 0
   167                           
   168                           ; 1 bytes @ 0x5
   169   000006                     	ds	1
   170   000007                     main@contador_140ms:
   171                           	callstack 0
   172                           
   173                           ; 1 bytes @ 0x6
   174   000007                     	ds	1
   175   000008                     main@temporal:
   176                           	callstack 0
   177                           
   178                           ; 2 bytes @ 0x7
   179   000008                     	ds	2
   180   00000A                     main@k:
   181                           	callstack 0
   182                           
   183                           ; 1 bytes @ 0x9
   184   00000A                     	ds	1
   185   00000B                     main@i:
   186                           	callstack 0
   187                           
   188                           ; 1 bytes @ 0xA
   189   00000B                     	ds	1
   190                           
   191 ;;
   192 ;;Main: autosize = 0, tempsize = 5, incstack = 0, save=0
   193 ;;
   194 ;; *************** function _main *****************
   195 ;; Defined at:
   196 ;;		line 8 in file "main.c"
   197 ;; Parameters:    Size  Location     Type
   198 ;;		None
   199 ;; Auto vars:     Size  Location     Type
   200 ;;  temporal        2    7[COMRAM] unsigned short 
   201 ;;  i               1   10[COMRAM] unsigned char 
   202 ;;  k               1    9[COMRAM] unsigned char 
   203 ;;  contador_140    1    6[COMRAM] unsigned char 
   204 ;;  m               1    5[COMRAM] unsigned char 
   205 ;; Return value:  Size  Location     Type
   206 ;;                  1    wreg      void 
   207 ;; Registers used:
   208 ;;		wreg, fsr2l, fsr2h, status,2, status,0, prodl, prodh
   209 ;; Tracked objects:
   210 ;;		On entry : 0/0
   211 ;;		On exit  : 0/0
   212 ;;		Unchanged: 0/0
   213 ;; Data sizes:     COMRAM   BANK0   BANK1   BANK2   BANK3   BANK4   BANK5   BANK6   BANK7
   214 ;;      Params:         0       0       0       0       0       0       0       0       0
   215 ;;      Locals:         6       0       0       0       0       0       0       0       0
   216 ;;      Temps:          5       0       0       0       0       0       0       0       0
   217 ;;      Totals:        11       0       0       0       0       0       0       0       0
   218 ;;Total ram usage:       11 bytes
   219 ;; This function calls:
   220 ;;		Nothing
   221 ;; This function is called by:
   222 ;;		Startup code after reset
   223 ;; This function uses a non-reentrant model
   224 ;;
   225                           
   226                           	psect	text0
   227   000802                     __ptext0:
   228                           	callstack 0
   229   000802                     _main:
   230                           	callstack 31
   231   000802                     
   232                           ;main.c: 9:     uint8_t i=0,k, m, contador_140ms=0;
   233   000802  0E00               	movlw	0
   234   000804  6E0B               	movwf	main@i^0,c
   235   000806  0E00               	movlw	0
   236   000808  6E07               	movwf	main@contador_140ms^0,c
   237                           
   238                           ;main.c: 10:     uint16_t temporal;;main.c: 12:     TRISB = 0;
   239   00080A  0E00               	movlw	0
   240   00080C  6E93               	movwf	147,c	;volatile
   241                           
   242                           ;main.c: 13:     TRISD = 0;
   243   00080E  0E00               	movlw	0
   244   000810  6E95               	movwf	149,c	;volatile
   245                           
   246                           ;main.c: 14:     TRISA = 0;
   247   000812  0E00               	movlw	0
   248   000814  6E92               	movwf	146,c	;volatile
   249   000816                     
   250                           ;main.c: 15:     LATB = 0xFF;
   251   000816  688A               	setf	138,c	;volatile
   252                           
   253                           ;main.c: 16:     LATC = 0;
   254   000818  0E00               	movlw	0
   255   00081A  6E8B               	movwf	139,c	;volatile
   256                           
   257                           ;main.c: 17:     LATD = 0;
   258   00081C  0E00               	movlw	0
   259   00081E  6E8C               	movwf	140,c	;volatile
   260   000820                     l23:
   261                           
   262                           ;main.c: 20:         m=0;
   263   000820  0E00               	movlw	0
   264   000822  6E06               	movwf	main@m^0,c
   265   000824                     
   266                           ;main.c: 22:         for(k=i;k<i+7;k++) {
   267   000824  C00B  F00A         	movff	main@i,main@k
   268   000828  EF4A  F004         	goto	l731
   269   00082C                     l715:
   270                           
   271                           ;main.c: 23:             temporal=display[k];
   272   00082C  500A               	movf	main@k^0,w,c
   273   00082E  0D02               	mullw	2
   274   000830  50F3               	movf	243,w,c
   275   000832  0F60               	addlw	low _display
   276   000834  6ED9               	movwf	fsr2l,c
   277   000836  6ADA               	clrf	fsr2h,c
   278   000838  CFDE F008          	movff	postinc2,main@temporal
   279   00083C  CFDD F009          	movff	postdec2,main@temporal+1
   280   000840                     
   281                           ;main.c: 24:             LATA = temporal & (0x3F);
   282   000840  5008               	movf	main@temporal^0,w,c
   283   000842  0B3F               	andlw	63
   284   000844  6E89               	movwf	137,c	;volatile
   285   000846                     
   286                           ;main.c: 25:             LATD = ((temporal & (0xFFC0))>> 6);
   287   000846  C008  F001         	movff	main@temporal,??_main
   288   00084A  C009  F002         	movff	main@temporal+1,??_main+1
   289   00084E  0E06               	movlw	6
   290   000850  6E03               	movwf	(??_main+2)^0,c
   291   000852                     u15:
   292   000852  90D8               	bcf	status,0,c
   293   000854  3202               	rrcf	(??_main+1)^0,f,c
   294   000856  3201               	rrcf	??_main^0,f,c
   295   000858  2E03               	decfsz	(??_main+2)^0,f,c
   296   00085A  EF29  F004         	goto	u15
   297   00085E  5001               	movf	??_main^0,w,c
   298   000860  6E8C               	movwf	140,c	;volatile
   299   000862                     
   300                           ;main.c: 26:             LATB &= ~(1<<m);
   301   000862  C006  F001         	movff	main@m,??_main
   302   000866  0E01               	movlw	1
   303   000868  6E02               	movwf	(??_main+1)^0,c
   304   00086A  2A01               	incf	??_main^0,f,c
   305   00086C  EF3A  F004         	goto	u24
   306   000870                     u25:
   307   000870  90D8               	bcf	status,0,c
   308   000872  3602               	rlcf	(??_main+1)^0,f,c
   309   000874                     u24:
   310   000874  2E01               	decfsz	??_main^0,f,c
   311   000876  EF38  F004         	goto	u25
   312   00087A  5002               	movf	(??_main+1)^0,w,c
   313   00087C  0AFF               	xorlw	255
   314   00087E  168A               	andwf	138,f,c	;volatile
   315   000880                     
   316                           ;main.c: 27:             _delay((unsigned long)((20)*(20000000UL/4000.0)));
   317   000880  0E82               	movlw	130
   318   000882  6E01               	movwf	??_main^0,c
   319   000884  0EDE               	movlw	222
   320   000886                     u67:
   321   000886  2EE8               	decfsz	wreg,f,c
   322   000888  D7FE               	bra	u67
   323   00088A  2E01               	decfsz	??_main^0,f,c
   324   00088C  D7FC               	bra	u67
   325   00088E                     
   326                           ;main.c: 28:             LATB = 0xFF;
   327   00088E  688A               	setf	138,c	;volatile
   328   000890                     
   329                           ;main.c: 29:             m++;
   330   000890  2A06               	incf	main@m^0,f,c
   331   000892                     
   332                           ;main.c: 30:         }
   333   000892  2A0A               	incf	main@k^0,f,c
   334   000894                     l731:
   335   000894  500B               	movf	main@i^0,w,c
   336   000896  6E01               	movwf	??_main^0,c
   337   000898  6A02               	clrf	(??_main+1)^0,c
   338   00089A  0E07               	movlw	7
   339   00089C  2601               	addwf	??_main^0,f,c
   340   00089E  0E00               	movlw	0
   341   0008A0  2202               	addwfc	(??_main+1)^0,f,c
   342   0008A2  500A               	movf	main@k^0,w,c
   343   0008A4  6E03               	movwf	(??_main+2)^0,c
   344   0008A6  6A04               	clrf	(??_main+3)^0,c
   345   0008A8  5001               	movf	??_main^0,w,c
   346   0008AA  5C03               	subwf	(??_main+2)^0,w,c
   347   0008AC  5004               	movf	(??_main+3)^0,w,c
   348   0008AE  0A80               	xorlw	128
   349   0008B0  6E05               	movwf	(??_main+4)^0,c
   350   0008B2  5002               	movf	(??_main+1)^0,w,c
   351   0008B4  0A80               	xorlw	128
   352   0008B6  5805               	subwfb	(??_main+4)^0,w,c
   353   0008B8  A0D8               	btfss	status,0,c
   354   0008BA  EF61  F004         	goto	u31
   355   0008BE  EF63  F004         	goto	u30
   356   0008C2                     u31:
   357   0008C2  EF16  F004         	goto	l715
   358   0008C6                     u30:
   359   0008C6                     
   360                           ;main.c: 32:         if(contador_140ms==7) {
   361   0008C6  0E07               	movlw	7
   362   0008C8  1807               	xorwf	main@contador_140ms^0,w,c
   363   0008CA  A4D8               	btfss	status,2,c
   364   0008CC  EF6A  F004         	goto	u41
   365   0008D0  EF6C  F004         	goto	u40
   366   0008D4                     u41:
   367   0008D4  EF7E  F004         	goto	l743
   368   0008D8                     u40:
   369   0008D8                     
   370                           ;main.c: 33:             contador_140ms=0;
   371   0008D8  0E00               	movlw	0
   372   0008DA  6E07               	movwf	main@contador_140ms^0,c
   373   0008DC                     
   374                           ;main.c: 34:             if(i==47) {
   375   0008DC  0E2F               	movlw	47
   376   0008DE  180B               	xorwf	main@i^0,w,c
   377   0008E0  A4D8               	btfss	status,2,c
   378   0008E2  EF75  F004         	goto	u51
   379   0008E6  EF77  F004         	goto	u50
   380   0008EA                     u51:
   381   0008EA  EF7B  F004         	goto	l741
   382   0008EE                     u50:
   383   0008EE                     
   384                           ;main.c: 35:                i=0;
   385   0008EE  0E00               	movlw	0
   386   0008F0  6E0B               	movwf	main@i^0,c
   387                           
   388                           ;main.c: 36:            }else{
   389   0008F2  EF10  F004         	goto	l23
   390   0008F6                     l741:
   391                           
   392                           ;main.c: 37:                i++;
   393   0008F6  2A0B               	incf	main@i^0,f,c
   394   0008F8  EF10  F004         	goto	l23
   395   0008FC                     l743:
   396                           
   397                           ;main.c: 40:             contador_140ms++;
   398   0008FC  2A07               	incf	main@contador_140ms^0,f,c
   399   0008FE  EF10  F004         	goto	l23
   400   000902  EF00  F000         	goto	start
   401   000906                     __end_of_main:
   402                           	callstack 0
   403                           
   404                           	psect	smallconst
   405   000800                     __psmallconst:
   406                           	callstack 0
   407   000800  00                 	db	0
   408   000801  00                 	db	0	; dummy byte at the end
   409   000000                     
   410                           	psect	rparam
   411   000000                     
   412                           	psect	idloc
   413                           
   414                           ;Config register IDLOC0 @ 0x200000
   415                           ;	unspecified, using default values
   416   200000                     	org	2097152
   417   200000  FF                 	db	255
   418                           
   419                           ;Config register IDLOC1 @ 0x200001
   420                           ;	unspecified, using default values
   421   200001                     	org	2097153
   422   200001  FF                 	db	255
   423                           
   424                           ;Config register IDLOC2 @ 0x200002
   425                           ;	unspecified, using default values
   426   200002                     	org	2097154
   427   200002  FF                 	db	255
   428                           
   429                           ;Config register IDLOC3 @ 0x200003
   430                           ;	unspecified, using default values
   431   200003                     	org	2097155
   432   200003  FF                 	db	255
   433                           
   434                           ;Config register IDLOC4 @ 0x200004
   435                           ;	unspecified, using default values
   436   200004                     	org	2097156
   437   200004  FF                 	db	255
   438                           
   439                           ;Config register IDLOC5 @ 0x200005
   440                           ;	unspecified, using default values
   441   200005                     	org	2097157
   442   200005  FF                 	db	255
   443                           
   444                           ;Config register IDLOC6 @ 0x200006
   445                           ;	unspecified, using default values
   446   200006                     	org	2097158
   447   200006  FF                 	db	255
   448                           
   449                           ;Config register IDLOC7 @ 0x200007
   450                           ;	unspecified, using default values
   451   200007                     	org	2097159
   452   200007  FF                 	db	255
   453                           
   454                           	psect	config
   455                           
   456                           ;Config register CONFIG1L @ 0x300000
   457                           ;	PLL Prescaler Selection bits
   458                           ;	PLLDIV = 1, No prescale (4 MHz oscillator input drives PLL directly)
   459                           ;	System Clock Postscaler Selection bits
   460                           ;	CPUDIV = OSC1_PLL2, [Primary Oscillator Src: /1][96 MHz PLL Src: /2]
   461                           ;	USB Clock Selection bit (used in Full-Speed USB mode only; UCFG:FSEN = 1)
   462                           ;	USBDIV = 1, USB clock source comes directly from the primary oscillator block with no 
      +                          postscale
   463   300000                     	org	3145728
   464   300000  00                 	db	0
   465                           
   466                           ;Config register CONFIG1H @ 0x300001
   467                           ;	Oscillator Selection bits
   468                           ;	FOSC = HS, HS oscillator (HS)
   469                           ;	Fail-Safe Clock Monitor Enable bit
   470                           ;	FCMEN = OFF, Fail-Safe Clock Monitor disabled
   471                           ;	Internal/External Oscillator Switchover bit
   472                           ;	IESO = OFF, Oscillator Switchover mode disabled
   473   300001                     	org	3145729
   474   300001  0C                 	db	12
   475                           
   476                           ;Config register CONFIG2L @ 0x300002
   477                           ;	Power-up Timer Enable bit
   478                           ;	PWRT = OFF, PWRT disabled
   479                           ;	Brown-out Reset Enable bits
   480                           ;	BOR = ON, Brown-out Reset enabled in hardware only (SBOREN is disabled)
   481                           ;	Brown-out Reset Voltage bits
   482                           ;	BORV = 3, Minimum setting 2.05V
   483                           ;	USB Voltage Regulator Enable bit
   484                           ;	VREGEN = OFF, USB voltage regulator disabled
   485   300002                     	org	3145730
   486   300002  1F                 	db	31
   487                           
   488                           ;Config register CONFIG2H @ 0x300003
   489                           ;	Watchdog Timer Enable bit
   490                           ;	WDT = OFF, WDT disabled (control is placed on the SWDTEN bit)
   491                           ;	Watchdog Timer Postscale Select bits
   492                           ;	WDTPS = 32768, 1:32768
   493   300003                     	org	3145731
   494   300003  1E                 	db	30
   495                           
   496                           ; Padding undefined space
   497   300004                     	org	3145732
   498   300004  FF                 	db	255
   499                           
   500                           ;Config register CONFIG3H @ 0x300005
   501                           ;	CCP2 MUX bit
   502                           ;	CCP2MX = ON, CCP2 input/output is multiplexed with RC1
   503                           ;	PORTB A/D Enable bit
   504                           ;	PBADEN = OFF, PORTB<4:0> pins are configured as digital I/O on Reset
   505                           ;	Low-Power Timer 1 Oscillator Enable bit
   506                           ;	LPT1OSC = OFF, Timer1 configured for higher power operation
   507                           ;	MCLR Pin Enable bit
   508                           ;	MCLRE = OFF, RE3 input pin enabled; MCLR pin disabled
   509   300005                     	org	3145733
   510   300005  01                 	db	1
   511                           
   512                           ;Config register CONFIG4L @ 0x300006
   513                           ;	Stack Full/Underflow Reset Enable bit
   514                           ;	STVREN = ON, Stack full/underflow will cause Reset
   515                           ;	Single-Supply ICSP Enable bit
   516                           ;	LVP = OFF, Single-Supply ICSP disabled
   517                           ;	Dedicated In-Circuit Debug/Programming Port (ICPORT) Enable bit
   518                           ;	ICPRT = OFF, ICPORT disabled
   519                           ;	Extended Instruction Set Enable bit
   520                           ;	XINST = OFF, Instruction set extension and Indexed Addressing mode disabled (Legacy mo
      +                          de)
   521                           ;	Background Debugger Enable bit
   522                           ;	DEBUG = 0x1, unprogrammed default
   523   300006                     	org	3145734
   524   300006  81                 	db	129
   525                           
   526                           ; Padding undefined space
   527   300007                     	org	3145735
   528   300007  FF                 	db	255
   529                           
   530                           ;Config register CONFIG5L @ 0x300008
   531                           ;	Code Protection bit
   532                           ;	CP0 = OFF, Block 0 (000800-001FFFh) is not code-protected
   533                           ;	Code Protection bit
   534                           ;	CP1 = OFF, Block 1 (002000-003FFFh) is not code-protected
   535                           ;	Code Protection bit
   536                           ;	CP2 = OFF, Block 2 (004000-005FFFh) is not code-protected
   537                           ;	Code Protection bit
   538                           ;	CP3 = OFF, Block 3 (006000-007FFFh) is not code-protected
   539   300008                     	org	3145736
   540   300008  0F                 	db	15
   541                           
   542                           ;Config register CONFIG5H @ 0x300009
   543                           ;	Boot Block Code Protection bit
   544                           ;	CPB = OFF, Boot block (000000-0007FFh) is not code-protected
   545                           ;	Data EEPROM Code Protection bit
   546                           ;	CPD = OFF, Data EEPROM is not code-protected
   547   300009                     	org	3145737
   548   300009  C0                 	db	192
   549                           
   550                           ;Config register CONFIG6L @ 0x30000A
   551                           ;	Write Protection bit
   552                           ;	WRT0 = OFF, Block 0 (000800-001FFFh) is not write-protected
   553                           ;	Write Protection bit
   554                           ;	WRT1 = OFF, Block 1 (002000-003FFFh) is not write-protected
   555                           ;	Write Protection bit
   556                           ;	WRT2 = OFF, Block 2 (004000-005FFFh) is not write-protected
   557                           ;	Write Protection bit
   558                           ;	WRT3 = OFF, Block 3 (006000-007FFFh) is not write-protected
   559   30000A                     	org	3145738
   560   30000A  0F                 	db	15
   561                           
   562                           ;Config register CONFIG6H @ 0x30000B
   563                           ;	Configuration Register Write Protection bit
   564                           ;	WRTC = OFF, Configuration registers (300000-3000FFh) are not write-protected
   565                           ;	Boot Block Write Protection bit
   566                           ;	WRTB = OFF, Boot block (000000-0007FFh) is not write-protected
   567                           ;	Data EEPROM Write Protection bit
   568                           ;	WRTD = OFF, Data EEPROM is not write-protected
   569   30000B                     	org	3145739
   570   30000B  E0                 	db	224
   571                           
   572                           ;Config register CONFIG7L @ 0x30000C
   573                           ;	Table Read Protection bit
   574                           ;	EBTR0 = OFF, Block 0 (000800-001FFFh) is not protected from table reads executed in ot
      +                          her blocks
   575                           ;	Table Read Protection bit
   576                           ;	EBTR1 = OFF, Block 1 (002000-003FFFh) is not protected from table reads executed in ot
      +                          her blocks
   577                           ;	Table Read Protection bit
   578                           ;	EBTR2 = OFF, Block 2 (004000-005FFFh) is not protected from table reads executed in ot
      +                          her blocks
   579                           ;	Table Read Protection bit
   580                           ;	EBTR3 = OFF, Block 3 (006000-007FFFh) is not protected from table reads executed in ot
      +                          her blocks
   581   30000C                     	org	3145740
   582   30000C  0F                 	db	15
   583                           
   584                           ;Config register CONFIG7H @ 0x30000D
   585                           ;	Boot Block Table Read Protection bit
   586                           ;	EBTRB = OFF, Boot block (000000-0007FFh) is not protected from table reads executed in
      +                           other blocks
   587   30000D                     	org	3145741
   588   30000D  40                 	db	64
   589                           tosu	equ	0xFFF
   590                           tosh	equ	0xFFE
   591                           tosl	equ	0xFFD
   592                           stkptr	equ	0xFFC
   593                           pclatu	equ	0xFFB
   594                           pclath	equ	0xFFA
   595                           pcl	equ	0xFF9
   596                           tblptru	equ	0xFF8
   597                           tblptrh	equ	0xFF7
   598                           tblptrl	equ	0xFF6
   599                           tablat	equ	0xFF5
   600                           prodh	equ	0xFF4
   601                           prodl	equ	0xFF3
   602                           indf0	equ	0xFEF
   603                           postinc0	equ	0xFEE
   604                           postdec0	equ	0xFED
   605                           preinc0	equ	0xFEC
   606                           plusw0	equ	0xFEB
   607                           fsr0h	equ	0xFEA
   608                           fsr0l	equ	0xFE9
   609                           wreg	equ	0xFE8
   610                           indf1	equ	0xFE7
   611                           postinc1	equ	0xFE6
   612                           postdec1	equ	0xFE5
   613                           preinc1	equ	0xFE4
   614                           plusw1	equ	0xFE3
   615                           fsr1h	equ	0xFE2
   616                           fsr1l	equ	0xFE1
   617                           bsr	equ	0xFE0
   618                           indf2	equ	0xFDF
   619                           postinc2	equ	0xFDE
   620                           postdec2	equ	0xFDD
   621                           preinc2	equ	0xFDC
   622                           plusw2	equ	0xFDB
   623                           fsr2h	equ	0xFDA
   624                           fsr2l	equ	0xFD9
   625                           status	equ	0xFD8

Data Sizes:
    Strings     0
    Constant    0
    Data        108
    BSS         0
    Persistent  0
    Stack       0

Auto Spaces:
    Space          Size  Autos    Used
    COMRAM           95     11      11
    BANK0           160      0     108
    BANK1           256      0       0
    BANK2           256      0       0
    BANK3           256      0       0
    BANK4           256      0       0
    BANK5           256      0       0
    BANK6           256      0       0
    BANK7           256      0       0

Pointer List with Targets:

    None.

Critical Paths under _main in COMRAM

    None.

Critical Paths under _main in BANK0

    None.

Critical Paths under _main in BANK1

    None.

Critical Paths under _main in BANK2

    None.

Critical Paths under _main in BANK3

    None.

Critical Paths under _main in BANK4

    None.

Critical Paths under _main in BANK5

    None.

Critical Paths under _main in BANK6

    None.

Critical Paths under _main in BANK7

    None.

Call Graph Tables:

 ---------------------------------------------------------------------------------
 (Depth) Function   	        Calls       Base Space   Used Autos Params    Refs
 ---------------------------------------------------------------------------------
 (0) _main                                                11    11      0     135
                                              0 COMRAM    11    11      0
 ---------------------------------------------------------------------------------
 Estimated maximum stack depth 0
 ---------------------------------------------------------------------------------

 Call Graph Graphs:

 _main (ROOT)

 Address spaces:
Name               Size   Autos  Total    Cost      Usage
BIGRAM             7FF      0       0      25        0.0%
EEDATA             100      0       0       0        0.0%
BITBANK7           100      0       0      18        0.0%
BANK7              100      0       0      19        0.0%
BITBANK6           100      0       0      16        0.0%
BANK6              100      0       0      17        0.0%
BITBANK5           100      0       0      14        0.0%
BANK5              100      0       0      15        0.0%
BITBANK4           100      0       0      12        0.0%
BANK4              100      0       0      13        0.0%
BITBANK3           100      0       0      10        0.0%
BANK3              100      0       0      11        0.0%
BITBANK2           100      0       0       8        0.0%
BANK2              100      0       0       9        0.0%
BITBANK1           100      0       0       6        0.0%
BANK1              100      0       0       7        0.0%
BITBANK0            A0      0       0       4        0.0%
BANK0               A0      0      6C       5       67.5%
BITBIGSFRhh         6A      0       0      20        0.0%
BITCOMRAM           5F      0       0       0        0.0%
COMRAM              5F      B       B       1       11.6%
BITBIGSFRll         29      0       0      23        0.0%
BITBIGSFRlh          5      0       0      22        0.0%
BITBIGSFRhl          1      0       0      21        0.0%
BIGSFR               0      0       0     200        0.0%
BITSFR               0      0       0     200        0.0%
SFR                  0      0       0     200        0.0%
STACK                0      0       0       2        0.0%
NULL                 0      0       0       0        0.0%
ABS                  0      0      77      24        0.0%
DATA                 0      0      77       3        0.0%
CODE                 0      0       0       0        0.0%


Microchip Technology PIC18 Macro Assembler V2.46 build 20240104201356 
Symbol Table                                                                                   Mon Feb 09 21:10:16 2026

                     l23 0820                       u30 08C6                       u31 08C2  
                     u15 0852                       u40 08D8                       u24 0874  
                     u41 08D4                       u25 0870                       u50 08EE  
                     u51 08EA                       u67 0886                      l711 0816  
                    l721 0862                      l713 0824                      l723 0880  
                    l715 082C                      l731 0894                      l741 08F6  
                    l733 08C6                      l725 088E                      l717 0840  
                    l709 0802                      l735 08D8                      l743 08FC  
                    l727 0890                      l719 0846                      l737 08DC  
                    l729 0892                      l739 08EE                      wreg 0FE8  
                   _LATA 0F89                     _LATB 0F8A                     _LATC 0F8B  
                   _LATD 0F8C                     _main 0802                     fsr2h 0FDA  
                   fsr1l 0FE1                     fsr2l 0FD9                     prodl 0FF3  
                   start 0000             ___param_bank 0000                    ?_main 0001  
                  _TRISA 0F92                    _TRISB 0F93                    _TRISD 0F95  
                  main@i 000B                    main@k 000A                    main@m 0006  
           main@temporal 0008                    tablat 0FF5                    status 0FD8  
        __initialization 0972             __end_of_main 0906                   ??_main 0001  
          __activetblptr 0000                   isa$std 0001             __mediumconst 0000  
                 tblptrh 0FF7                   tblptrl 0FF6                   tblptru 0FF8  
             __accesstop 0060  __end_of__initialization 0992            ___rparam_used 0001  
         __pcstackCOMRAM 0001             __pidataBANK0 0906                  __Hparam 0000  
                __Lparam 0000             __psmallconst 0800                  __pcinit 0972  
                __ramtop 0800                  __ptext0 0802                  _display 0060  
   end_of_initialization 0992                  postdec1 0FE5                  postdec2 0FDD  
                postinc0 0FEE                  postinc2 0FDE       main@contador_140ms 0007  
    start_initialization 0972              __pdataBANK0 0060              __smallconst 0800  
              copy_data0 0986                 __Hrparam 0000                 __Lrparam 0000  
               isa$xinst 0000  
